server is runing
Subscribed successfully! This client is currently subscribed to 1 channels.
server is runing
Subscribed successfully! This client is currently subscribed to 1 channels.
server is runing
Subscribed successfully! This client is currently subscribed to 1 channels.
server is runing
Subscribed successfully! This client is currently subscribed to 1 channels.
server is runing
Subscribed successfully! This client is currently subscribed to 1 channels.
server is runing
Subscribed successfully! This client is currently subscribed to 1 channels.
server is runing
Subscribed successfully! This client is currently subscribed to 1 channels.
server is runing
Subscribed successfully! This client is currently subscribed to 1 channels.
server is runing
Subscribed successfully! This client is currently subscribed to 1 channels.
server is runing
Subscribed successfully! This client is currently subscribed to 1 channels.
server is runing
Subscribed successfully! This client is currently subscribed to 1 channels.
server is runing
Subscribed successfully! This client is currently subscribed to 1 channels.
*
Event: App\Events\ScrappedMessageEvent
channel: private-scrappedMessage.1
