2021-05-04 10:15:19,044 CRIT Supervisor is running as root.  Privileges were not dropped because no user is specified in the config file.  If you intend to run as root, you can set user=root in the config file to avoid this message.
2021-05-04 10:15:19,044 INFO Included extra file "/etc/supervisor/conf.d/supervisord.conf" during parsing
2021-05-04 10:15:19,055 INFO RPC interface 'supervisor' initialized
2021-05-04 10:15:19,055 CRIT Server 'unix_http_server' running without any HTTP authentication checking
2021-05-04 10:15:19,056 INFO supervisord started with pid 1
2021-05-04 10:15:20,060 INFO spawned: 'redis-server_00' with pid 10
2021-05-04 10:15:20,063 INFO spawned: 'php-fpm_00' with pid 11
2021-05-04 10:15:20,066 INFO spawned: 'laravel-worker_00' with pid 12
2021-05-04 10:15:20,069 INFO spawned: 'laravel-echo-server_00' with pid 16
2021-05-04 10:15:21,072 INFO success: redis-server_00 entered RUNNING state, process has stayed up for > than 1 seconds (startsecs)
2021-05-04 10:15:21,073 INFO success: php-fpm_00 entered RUNNING state, process has stayed up for > than 1 seconds (startsecs)
2021-05-04 10:15:21,073 INFO success: laravel-worker_00 entered RUNNING state, process has stayed up for > than 1 seconds (startsecs)
2021-05-04 10:15:21,073 INFO success: laravel-echo-server_00 entered RUNNING state, process has stayed up for > than 1 seconds (startsecs)
2021-05-04 11:49:29,445 WARN received SIGQUIT indicating exit request
2021-05-04 11:49:29,446 INFO waiting for redis-server_00, php-fpm_00, laravel-worker_00, laravel-echo-server_00 to die
2021-05-04 11:49:29,448 INFO stopped: laravel-echo-server_00 (terminated by SIGTERM)
2021-05-04 11:49:29,520 INFO stopped: laravel-worker_00 (exit status 0)
2021-05-04 11:49:29,525 INFO stopped: php-fpm_00 (exit status 0)
2021-05-04 11:49:29,994 INFO stopped: redis-server_00 (exit status 0)
2021-05-04 11:50:02,649 CRIT Supervisor is running as root.  Privileges were not dropped because no user is specified in the config file.  If you intend to run as root, you can set user=root in the config file to avoid this message.
2021-05-04 11:50:02,649 INFO Included extra file "/etc/supervisor/conf.d/supervisord.conf" during parsing
2021-05-04 11:50:02,657 INFO RPC interface 'supervisor' initialized
2021-05-04 11:50:02,657 CRIT Server 'unix_http_server' running without any HTTP authentication checking
2021-05-04 11:50:02,657 INFO supervisord started with pid 1
2021-05-04 11:50:03,661 INFO spawned: 'redis-server_00' with pid 9
2021-05-04 11:50:03,664 INFO spawned: 'php-fpm_00' with pid 10
2021-05-04 11:50:03,667 INFO spawned: 'laravel-worker_00' with pid 11
2021-05-04 11:50:03,672 INFO spawned: 'laravel-echo-server_00' with pid 12
2021-05-04 11:50:04,676 INFO success: redis-server_00 entered RUNNING state, process has stayed up for > than 1 seconds (startsecs)
2021-05-04 11:50:04,677 INFO success: php-fpm_00 entered RUNNING state, process has stayed up for > than 1 seconds (startsecs)
2021-05-04 11:50:04,678 INFO success: laravel-worker_00 entered RUNNING state, process has stayed up for > than 1 seconds (startsecs)
2021-05-04 11:50:04,678 INFO success: laravel-echo-server_00 entered RUNNING state, process has stayed up for > than 1 seconds (startsecs)
2021-05-04 11:58:04,380 WARN received SIGQUIT indicating exit request
2021-05-04 11:58:04,382 INFO waiting for redis-server_00, php-fpm_00, laravel-worker_00, laravel-echo-server_00 to die
2021-05-04 11:58:04,391 INFO stopped: laravel-echo-server_00 (terminated by SIGTERM)
2021-05-04 11:58:04,475 INFO stopped: laravel-worker_00 (exit status 0)
2021-05-04 11:58:04,479 INFO stopped: php-fpm_00 (exit status 0)
2021-05-04 11:58:04,546 INFO stopped: redis-server_00 (exit status 0)
2021-05-04 11:58:42,624 CRIT Supervisor is running as root.  Privileges were not dropped because no user is specified in the config file.  If you intend to run as root, you can set user=root in the config file to avoid this message.
2021-05-04 11:58:42,625 INFO Included extra file "/etc/supervisor/conf.d/supervisord.conf" during parsing
2021-05-04 11:58:42,634 INFO RPC interface 'supervisor' initialized
2021-05-04 11:58:42,634 CRIT Server 'unix_http_server' running without any HTTP authentication checking
2021-05-04 11:58:42,635 INFO supervisord started with pid 1
2021-05-04 11:58:43,639 INFO spawned: 'redis-server_00' with pid 10
2021-05-04 11:58:43,642 INFO spawned: 'php-fpm_00' with pid 11
2021-05-04 11:58:43,645 INFO spawned: 'laravel-worker_00' with pid 12
2021-05-04 11:58:43,649 INFO spawned: 'laravel-echo-server_00' with pid 13
2021-05-04 11:58:44,653 INFO success: redis-server_00 entered RUNNING state, process has stayed up for > than 1 seconds (startsecs)
2021-05-04 11:58:44,653 INFO success: php-fpm_00 entered RUNNING state, process has stayed up for > than 1 seconds (startsecs)
2021-05-04 11:58:44,654 INFO success: laravel-worker_00 entered RUNNING state, process has stayed up for > than 1 seconds (startsecs)
2021-05-04 11:58:44,654 INFO success: laravel-echo-server_00 entered RUNNING state, process has stayed up for > than 1 seconds (startsecs)
2021-05-04 12:03:24,783 WARN received SIGQUIT indicating exit request
2021-05-04 12:03:24,784 INFO waiting for redis-server_00, php-fpm_00, laravel-worker_00, laravel-echo-server_00 to die
2021-05-04 12:03:24,793 INFO stopped: laravel-echo-server_00 (terminated by SIGTERM)
2021-05-04 12:03:24,843 INFO stopped: laravel-worker_00 (exit status 0)
2021-05-04 12:03:24,847 INFO stopped: php-fpm_00 (exit status 0)
2021-05-04 12:03:24,960 INFO stopped: redis-server_00 (exit status 0)
2021-05-04 12:07:43,656 CRIT Supervisor is running as root.  Privileges were not dropped because no user is specified in the config file.  If you intend to run as root, you can set user=root in the config file to avoid this message.
2021-05-04 12:07:43,656 INFO Included extra file "/etc/supervisor/conf.d/supervisord.conf" during parsing
2021-05-04 12:07:43,664 INFO RPC interface 'supervisor' initialized
2021-05-04 12:07:43,664 CRIT Server 'unix_http_server' running without any HTTP authentication checking
2021-05-04 12:07:43,665 INFO supervisord started with pid 1
2021-05-04 12:07:44,675 INFO spawned: 'redis-server_00' with pid 10
2021-05-04 12:07:44,682 INFO spawned: 'php-fpm_00' with pid 11
2021-05-04 12:07:44,686 INFO spawned: 'laravel-worker_00' with pid 12
2021-05-04 12:07:44,691 INFO spawned: 'laravel-echo-server_00' with pid 13
2021-05-04 12:07:45,699 INFO success: redis-server_00 entered RUNNING state, process has stayed up for > than 1 seconds (startsecs)
2021-05-04 12:07:45,700 INFO success: php-fpm_00 entered RUNNING state, process has stayed up for > than 1 seconds (startsecs)
2021-05-04 12:07:45,700 INFO success: laravel-worker_00 entered RUNNING state, process has stayed up for > than 1 seconds (startsecs)
2021-05-04 12:07:45,700 INFO success: laravel-echo-server_00 entered RUNNING state, process has stayed up for > than 1 seconds (startsecs)
2021-05-04 12:35:00,386 WARN received SIGQUIT indicating exit request
2021-05-04 12:35:00,387 INFO waiting for redis-server_00, php-fpm_00, laravel-worker_00, laravel-echo-server_00 to die
2021-05-04 12:35:00,391 INFO stopped: laravel-echo-server_00 (terminated by SIGTERM)
2021-05-04 12:35:00,463 INFO stopped: laravel-worker_00 (exit status 0)
2021-05-04 12:35:00,466 INFO stopped: php-fpm_00 (exit status 0)
2021-05-04 12:35:00,579 INFO stopped: redis-server_00 (exit status 0)
2021-05-04 12:35:33,223 CRIT Supervisor is running as root.  Privileges were not dropped because no user is specified in the config file.  If you intend to run as root, you can set user=root in the config file to avoid this message.
2021-05-04 12:35:33,224 INFO Included extra file "/etc/supervisor/conf.d/supervisord.conf" during parsing
2021-05-04 12:35:33,231 INFO RPC interface 'supervisor' initialized
2021-05-04 12:35:33,231 CRIT Server 'unix_http_server' running without any HTTP authentication checking
2021-05-04 12:35:33,233 INFO supervisord started with pid 1
2021-05-04 12:35:34,243 INFO spawned: 'redis-server_00' with pid 9
2021-05-04 12:35:34,254 INFO spawned: 'php-fpm_00' with pid 10
2021-05-04 12:35:34,265 INFO spawned: 'laravel-worker_00' with pid 11
2021-05-04 12:35:34,273 INFO spawned: 'laravel-echo-server_00' with pid 15
2021-05-04 12:35:35,278 INFO success: redis-server_00 entered RUNNING state, process has stayed up for > than 1 seconds (startsecs)
2021-05-04 12:35:35,279 INFO success: php-fpm_00 entered RUNNING state, process has stayed up for > than 1 seconds (startsecs)
2021-05-04 12:35:35,279 INFO success: laravel-worker_00 entered RUNNING state, process has stayed up for > than 1 seconds (startsecs)
2021-05-04 12:35:35,279 INFO success: laravel-echo-server_00 entered RUNNING state, process has stayed up for > than 1 seconds (startsecs)
2021-05-04 12:37:31,351 WARN received SIGQUIT indicating exit request
2021-05-04 12:37:31,352 INFO waiting for redis-server_00, php-fpm_00, laravel-worker_00, laravel-echo-server_00 to die
2021-05-04 12:37:31,356 INFO stopped: laravel-echo-server_00 (terminated by SIGTERM)
2021-05-04 12:37:31,382 INFO stopped: laravel-worker_00 (exit status 0)
2021-05-04 12:37:31,386 INFO stopped: php-fpm_00 (exit status 0)
2021-05-04 12:37:31,447 INFO stopped: redis-server_00 (exit status 0)
2021-05-04 12:38:31,110 CRIT Supervisor is running as root.  Privileges were not dropped because no user is specified in the config file.  If you intend to run as root, you can set user=root in the config file to avoid this message.
2021-05-04 12:38:31,110 INFO Included extra file "/etc/supervisor/conf.d/supervisord.conf" during parsing
2021-05-04 12:38:31,117 INFO RPC interface 'supervisor' initialized
2021-05-04 12:38:31,117 CRIT Server 'unix_http_server' running without any HTTP authentication checking
2021-05-04 12:38:31,118 INFO supervisord started with pid 1
2021-05-04 12:38:32,126 INFO spawned: 'redis-server_00' with pid 9
2021-05-04 12:38:32,135 INFO spawned: 'php-fpm_00' with pid 10
2021-05-04 12:38:32,143 INFO spawned: 'laravel-worker_00' with pid 11
2021-05-04 12:38:32,148 INFO spawned: 'laravel-echo-server_00' with pid 12
2021-05-04 12:38:33,155 INFO success: redis-server_00 entered RUNNING state, process has stayed up for > than 1 seconds (startsecs)
2021-05-04 12:38:33,156 INFO success: php-fpm_00 entered RUNNING state, process has stayed up for > than 1 seconds (startsecs)
2021-05-04 12:38:33,156 INFO success: laravel-worker_00 entered RUNNING state, process has stayed up for > than 1 seconds (startsecs)
2021-05-04 12:38:33,156 INFO success: laravel-echo-server_00 entered RUNNING state, process has stayed up for > than 1 seconds (startsecs)
2021-05-04 12:47:56,248 WARN received SIGQUIT indicating exit request
2021-05-04 12:47:56,249 INFO waiting for redis-server_00, php-fpm_00, laravel-worker_00, laravel-echo-server_00 to die
2021-05-04 12:47:56,251 INFO stopped: laravel-echo-server_00 (terminated by SIGTERM)
2021-05-04 12:47:56,307 INFO stopped: laravel-worker_00 (exit status 0)
2021-05-04 12:47:56,311 INFO stopped: php-fpm_00 (exit status 0)
2021-05-04 12:47:56,400 INFO stopped: redis-server_00 (exit status 0)
2021-05-04 12:48:57,632 CRIT Supervisor is running as root.  Privileges were not dropped because no user is specified in the config file.  If you intend to run as root, you can set user=root in the config file to avoid this message.
2021-05-04 12:48:57,633 INFO Included extra file "/etc/supervisor/conf.d/supervisord.conf" during parsing
2021-05-04 12:48:57,641 INFO RPC interface 'supervisor' initialized
2021-05-04 12:48:57,642 CRIT Server 'unix_http_server' running without any HTTP authentication checking
2021-05-04 12:48:57,642 INFO supervisord started with pid 1
2021-05-04 12:48:58,648 INFO spawned: 'redis-server_00' with pid 10
2021-05-04 12:48:58,652 INFO spawned: 'php-fpm_00' with pid 11
2021-05-04 12:48:58,659 INFO spawned: 'laravel-worker_00' with pid 12
2021-05-04 12:48:58,662 INFO spawned: 'laravel-echo-server_00' with pid 13
2021-05-04 12:48:59,666 INFO success: redis-server_00 entered RUNNING state, process has stayed up for > than 1 seconds (startsecs)
2021-05-04 12:48:59,666 INFO success: php-fpm_00 entered RUNNING state, process has stayed up for > than 1 seconds (startsecs)
2021-05-04 12:48:59,666 INFO success: laravel-worker_00 entered RUNNING state, process has stayed up for > than 1 seconds (startsecs)
2021-05-04 12:48:59,667 INFO success: laravel-echo-server_00 entered RUNNING state, process has stayed up for > than 1 seconds (startsecs)
2021-05-04 13:06:40,550 WARN received SIGQUIT indicating exit request
2021-05-04 13:06:40,552 INFO waiting for redis-server_00, php-fpm_00, laravel-worker_00, laravel-echo-server_00 to die
2021-05-04 13:06:40,557 INFO stopped: laravel-echo-server_00 (terminated by SIGTERM)
2021-05-04 13:06:40,633 INFO stopped: laravel-worker_00 (exit status 0)
2021-05-04 13:06:40,637 INFO stopped: php-fpm_00 (exit status 0)
2021-05-04 13:06:40,774 INFO stopped: redis-server_00 (exit status 0)
2021-05-04 13:09:39,538 CRIT Supervisor is running as root.  Privileges were not dropped because no user is specified in the config file.  If you intend to run as root, you can set user=root in the config file to avoid this message.
2021-05-04 13:09:39,539 INFO Included extra file "/etc/supervisor/conf.d/supervisord.conf" during parsing
2021-05-04 13:09:39,546 INFO RPC interface 'supervisor' initialized
2021-05-04 13:09:39,547 CRIT Server 'unix_http_server' running without any HTTP authentication checking
2021-05-04 13:09:39,547 INFO supervisord started with pid 1
2021-05-04 13:09:40,557 INFO spawned: 'redis-server_00' with pid 9
2021-05-04 13:09:40,568 INFO spawned: 'php-fpm_00' with pid 10
2021-05-04 13:09:40,579 INFO spawned: 'laravel-worker_00' with pid 11
2021-05-04 13:09:40,591 INFO spawned: 'laravel-echo-server_00' with pid 12
2021-05-04 13:09:41,603 INFO success: redis-server_00 entered RUNNING state, process has stayed up for > than 1 seconds (startsecs)
2021-05-04 13:09:41,603 INFO success: php-fpm_00 entered RUNNING state, process has stayed up for > than 1 seconds (startsecs)
2021-05-04 13:09:41,603 INFO success: laravel-worker_00 entered RUNNING state, process has stayed up for > than 1 seconds (startsecs)
2021-05-04 13:09:41,604 INFO success: laravel-echo-server_00 entered RUNNING state, process has stayed up for > than 1 seconds (startsecs)
2021-05-04 13:29:10,469 WARN received SIGQUIT indicating exit request
2021-05-04 13:29:10,470 INFO waiting for redis-server_00, php-fpm_00, laravel-worker_00, laravel-echo-server_00 to die
2021-05-04 13:29:10,472 INFO stopped: laravel-echo-server_00 (terminated by SIGTERM)
2021-05-04 13:29:10,528 INFO stopped: laravel-worker_00 (exit status 0)
2021-05-04 13:29:10,532 INFO stopped: php-fpm_00 (exit status 0)
2021-05-04 13:29:10,665 INFO stopped: redis-server_00 (exit status 0)
2021-05-05 12:26:32,301 CRIT Supervisor is running as root.  Privileges were not dropped because no user is specified in the config file.  If you intend to run as root, you can set user=root in the config file to avoid this message.
2021-05-05 12:26:32,302 INFO Included extra file "/etc/supervisor/conf.d/supervisord.conf" during parsing
2021-05-05 12:26:32,556 INFO RPC interface 'supervisor' initialized
2021-05-05 12:26:32,557 CRIT Server 'unix_http_server' running without any HTTP authentication checking
2021-05-05 12:26:32,557 INFO supervisord started with pid 1
2021-05-05 12:26:33,562 INFO spawned: 'redis-server_00' with pid 9
2021-05-05 12:26:33,566 INFO spawned: 'php-fpm_00' with pid 10
2021-05-05 12:26:33,570 INFO spawned: 'laravel-worker_00' with pid 11
2021-05-05 12:26:33,574 INFO spawned: 'laravel-echo-server_00' with pid 12
2021-05-05 12:26:34,574 INFO success: redis-server_00 entered RUNNING state, process has stayed up for > than 1 seconds (startsecs)
2021-05-05 12:26:34,575 INFO success: php-fpm_00 entered RUNNING state, process has stayed up for > than 1 seconds (startsecs)
2021-05-05 12:26:34,575 INFO success: laravel-worker_00 entered RUNNING state, process has stayed up for > than 1 seconds (startsecs)
2021-05-05 12:26:34,576 INFO success: laravel-echo-server_00 entered RUNNING state, process has stayed up for > than 1 seconds (startsecs)
2021-05-06 08:46:22,222 WARN received SIGQUIT indicating exit request
2021-05-06 08:46:22,223 INFO waiting for redis-server_00, php-fpm_00, laravel-worker_00, laravel-echo-server_00 to die
2021-05-06 08:46:22,227 INFO stopped: laravel-echo-server_00 (terminated by SIGTERM)
2021-05-06 08:46:22,416 INFO stopped: laravel-worker_00 (exit status 0)
2021-05-06 08:46:22,420 INFO stopped: php-fpm_00 (exit status 0)
2021-05-06 08:46:22,501 INFO stopped: redis-server_00 (exit status 0)
2021-05-18 09:58:04,650 CRIT Supervisor is running as root.  Privileges were not dropped because no user is specified in the config file.  If you intend to run as root, you can set user=root in the config file to avoid this message.
2021-05-18 09:58:04,651 INFO Included extra file "/etc/supervisor/conf.d/supervisord.conf" during parsing
2021-05-18 09:58:04,658 INFO RPC interface 'supervisor' initialized
2021-05-18 09:58:04,658 CRIT Server 'unix_http_server' running without any HTTP authentication checking
2021-05-18 09:58:04,659 INFO supervisord started with pid 1
2021-05-18 09:58:05,670 INFO spawned: 'redis-server_00' with pid 9
2021-05-18 09:58:05,688 INFO spawned: 'php-fpm_00' with pid 10
2021-05-18 09:58:05,706 INFO spawned: 'laravel-worker_00' with pid 11
2021-05-18 09:58:05,711 INFO spawned: 'laravel-echo-server_00' with pid 12
2021-05-18 09:58:06,721 INFO success: redis-server_00 entered RUNNING state, process has stayed up for > than 1 seconds (startsecs)
2021-05-18 09:58:06,722 INFO success: php-fpm_00 entered RUNNING state, process has stayed up for > than 1 seconds (startsecs)
2021-05-18 09:58:06,722 INFO success: laravel-worker_00 entered RUNNING state, process has stayed up for > than 1 seconds (startsecs)
2021-05-18 09:58:06,722 INFO success: laravel-echo-server_00 entered RUNNING state, process has stayed up for > than 1 seconds (startsecs)
2021-05-18 11:35:31,620 INFO reaped unknown pid 90
2021-05-18 11:39:27,591 INFO reaped unknown pid 111
2021-05-18 11:41:32,266 INFO reaped unknown pid 132
2021-05-18 11:43:36,080 INFO reaped unknown pid 169
2021-05-18 11:57:11,232 WARN received SIGQUIT indicating exit request
2021-05-18 11:57:11,232 INFO waiting for redis-server_00, php-fpm_00, laravel-worker_00, laravel-echo-server_00 to die
2021-05-18 11:57:11,235 INFO stopped: laravel-echo-server_00 (terminated by SIGTERM)
2021-05-18 11:57:11,288 INFO stopped: laravel-worker_00 (exit status 0)
2021-05-18 11:57:11,292 INFO stopped: php-fpm_00 (exit status 0)
2021-05-18 11:57:11,406 INFO stopped: redis-server_00 (exit status 0)
2021-05-18 11:57:39,261 CRIT Supervisor is running as root.  Privileges were not dropped because no user is specified in the config file.  If you intend to run as root, you can set user=root in the config file to avoid this message.
2021-05-18 11:57:39,262 INFO Included extra file "/etc/supervisor/conf.d/supervisord.conf" during parsing
2021-05-18 11:57:39,268 INFO RPC interface 'supervisor' initialized
2021-05-18 11:57:39,269 CRIT Server 'unix_http_server' running without any HTTP authentication checking
2021-05-18 11:57:39,269 INFO supervisord started with pid 1
2021-05-18 11:57:40,273 INFO spawned: 'redis-server_00' with pid 9
2021-05-18 11:57:40,276 INFO spawned: 'php-fpm_00' with pid 10
2021-05-18 11:57:40,279 INFO spawned: 'laravel-worker_00' with pid 11
2021-05-18 11:57:40,282 INFO spawned: 'laravel-echo-server_00' with pid 12
2021-05-18 11:57:41,285 INFO success: redis-server_00 entered RUNNING state, process has stayed up for > than 1 seconds (startsecs)
2021-05-18 11:57:41,285 INFO success: php-fpm_00 entered RUNNING state, process has stayed up for > than 1 seconds (startsecs)
2021-05-18 11:57:41,286 INFO success: laravel-worker_00 entered RUNNING state, process has stayed up for > than 1 seconds (startsecs)
2021-05-18 11:57:41,286 INFO success: laravel-echo-server_00 entered RUNNING state, process has stayed up for > than 1 seconds (startsecs)
2021-05-18 13:35:05,352 WARN received SIGQUIT indicating exit request
2021-05-18 13:35:05,352 INFO waiting for redis-server_00, php-fpm_00, laravel-worker_00, laravel-echo-server_00 to die
2021-05-18 13:35:05,355 INFO stopped: laravel-echo-server_00 (terminated by SIGTERM)
2021-05-18 13:35:05,432 INFO stopped: laravel-worker_00 (exit status 0)
2021-05-18 13:35:05,436 INFO stopped: php-fpm_00 (exit status 0)
2021-05-18 13:35:05,550 INFO stopped: redis-server_00 (exit status 0)
2021-05-18 13:35:59,819 CRIT Supervisor is running as root.  Privileges were not dropped because no user is specified in the config file.  If you intend to run as root, you can set user=root in the config file to avoid this message.
2021-05-18 13:35:59,820 INFO Included extra file "/etc/supervisor/conf.d/supervisord.conf" during parsing
2021-05-18 13:35:59,828 INFO RPC interface 'supervisor' initialized
2021-05-18 13:35:59,829 CRIT Server 'unix_http_server' running without any HTTP authentication checking
2021-05-18 13:35:59,829 INFO supervisord started with pid 1
2021-05-18 13:36:00,833 INFO spawned: 'redis-server_00' with pid 10
2021-05-18 13:36:00,835 INFO spawned: 'php-fpm_00' with pid 11
2021-05-18 13:36:00,838 INFO spawned: 'laravel-worker_00' with pid 12
2021-05-18 13:36:00,841 INFO spawned: 'laravel-echo-server_00' with pid 15
2021-05-18 13:36:01,846 INFO success: redis-server_00 entered RUNNING state, process has stayed up for > than 1 seconds (startsecs)
2021-05-18 13:36:01,846 INFO success: php-fpm_00 entered RUNNING state, process has stayed up for > than 1 seconds (startsecs)
2021-05-18 13:36:01,846 INFO success: laravel-worker_00 entered RUNNING state, process has stayed up for > than 1 seconds (startsecs)
2021-05-18 13:36:01,847 INFO success: laravel-echo-server_00 entered RUNNING state, process has stayed up for > than 1 seconds (startsecs)
