[2021-05-04 11:46:22][o4VE5e075tfJSzum1KNSYMeIymkccnKb] Processing: App\Jobs\ScrapedJob
[2021-05-04 11:48:21][hz36IA4eWUyt0U2Cp7k9fQZGu0V55dgQ] Processing: App\Jobs\ScrapedJob
[2021-05-04 11:50:15][ZAYU8ROM8kgvpgpg9TpF0yNuRDYGaobF] Processing: App\Jobs\ScrapedJob
[2021-05-04 11:54:57][ZCPX4r48aImVilxwxxZ1OB06ARS2G26R] Processing: App\Jobs\ScrapedJob
[2021-05-04 11:57:23][YMlbNNL6F6kAdWhaU9LUSiu2mAc4YFlr] Processing: App\Jobs\ScrapedJob
[2021-05-04 11:59:01][tLaOgRS48vEZWuocmldJBOs5W3xKB6Cd] Processing: App\Jobs\ScrapedJob
[2021-05-04 12:08:18][yBdyfgVpigdHmgNUnLYMyuhFGtzaaPWx] Processing: App\Jobs\ScrapedJob
[2021-05-04 12:09:36][BW6rLn2D15GY4a3dGhvyQpPiGClTC0kV] Processing: App\Jobs\ScrapedJob
[2021-05-04 12:26:31][xJPpVKxj55inQHLvHbnsmkuetOZqzJdy] Processing: App\Jobs\ScrapedJob
[2021-05-04 12:36:13][851fowoRu6TSdD0442aPDfD5EDnXWJp6] Processing: App\Jobs\ScrapedJob
[2021-05-04 12:39:56][RzR20YgKpLfiPBu0REUQcRFjbM5HyVrq] Processing: App\Jobs\ScrapedJob
[2021-05-04 12:40:08][RzR20YgKpLfiPBu0REUQcRFjbM5HyVrq] Processing: App\Jobs\ScrapedJob
[2021-05-04 12:40:18][RzR20YgKpLfiPBu0REUQcRFjbM5HyVrq] Processing: App\Jobs\ScrapedJob
[2021-05-04 12:41:02][NpGgDVEAc1tMNpaBiL4rljympiUPZ6to] Processing: App\Jobs\ScrapedJob
[2021-05-04 12:49:53][NmenUnd5RmW4choSkHSxzeRZ60PEBYp8] Processing: App\Jobs\ScrapedJob
[2021-05-04 13:11:29][ApwUbgU8OmWRtIlHwvMkG47y2vmaGrkb] Processing: App\Jobs\ScrapedJob
[2021-05-18 10:23:28][vt4aesEHJhKpmRRSYJhJ6PMhlfUhYMzl] Processing: App\Jobs\ScrapedJob
[2021-05-18 10:46:16][R2fvmY3kUtAT8cZz4kN455LKr41DnaVW] Processing: App\Jobs\ScrapedJob
[2021-05-18 11:56:20][VBbsNxZLoFoOgHqgboKtvo3n9ze4tnc0] Processing: App\Jobs\ScrapedJob
[2021-05-18 11:59:34][U4Al53bx5AWhkIOHuOh6fTBkyyQViu1s] Processing: App\Jobs\ScrapedJob
[2021-05-18 11:59:47][U4Al53bx5AWhkIOHuOh6fTBkyyQViu1s] Processed:  App\Jobs\ScrapedJob
[2021-05-18 11:59:47][0C37MUtAeGjdQu9Woxz5NkR02geqFsBl] Processing: App\Events\ScrappedMessageEvent
[2021-05-18 11:59:47][0C37MUtAeGjdQu9Woxz5NkR02geqFsBl] Processing: App\Events\ScrappedMessageEvent
[2021-05-18 11:59:47][0C37MUtAeGjdQu9Woxz5NkR02geqFsBl] Processing: App\Events\ScrappedMessageEvent
[2021-05-18 11:59:47][0C37MUtAeGjdQu9Woxz5NkR02geqFsBl] Failed:     App\Events\ScrappedMessageEvent
[2021-05-18 13:31:34][nH2nDrfUujcoXzMfBNkQjJELpiX86B6U] Processing: App\Jobs\ScrapedJob
[2021-05-18 13:31:46][nH2nDrfUujcoXzMfBNkQjJELpiX86B6U] Processed:  App\Jobs\ScrapedJob
[2021-05-18 13:31:46][s2fM37wQEm5ebukkATcJR0xLcHkLi6a1] Processing: App\Events\ScrappedMessageEvent
[2021-05-18 13:31:46][s2fM37wQEm5ebukkATcJR0xLcHkLi6a1] Processing: App\Events\ScrappedMessageEvent
[2021-05-18 13:31:46][s2fM37wQEm5ebukkATcJR0xLcHkLi6a1] Processing: App\Events\ScrappedMessageEvent
[2021-05-18 13:31:46][s2fM37wQEm5ebukkATcJR0xLcHkLi6a1] Failed:     App\Events\ScrappedMessageEvent
[2021-05-18 13:32:26][xTokQI0TzuHmDlZMHR7vON47emr5kB2m] Processing: App\Jobs\ScrapedJob
[2021-05-18 13:32:38][xTokQI0TzuHmDlZMHR7vON47emr5kB2m] Processed:  App\Jobs\ScrapedJob
[2021-05-18 13:32:38][WtYekUqtAq5kiR0BAhStJcecvNza29sO] Processing: App\Events\ScrappedMessageEvent
[2021-05-18 13:32:38][WtYekUqtAq5kiR0BAhStJcecvNza29sO] Processing: App\Events\ScrappedMessageEvent
[2021-05-18 13:32:38][WtYekUqtAq5kiR0BAhStJcecvNza29sO] Processing: App\Events\ScrappedMessageEvent
[2021-05-18 13:32:38][WtYekUqtAq5kiR0BAhStJcecvNza29sO] Failed:     App\Events\ScrappedMessageEvent
[2021-05-18 13:37:37][WkvjzqQnAoSl76oy74GuCIEpiaFxZrS5] Processing: App\Jobs\ScrapedJob
[2021-05-18 13:37:49][WkvjzqQnAoSl76oy74GuCIEpiaFxZrS5] Processed:  App\Jobs\ScrapedJob
[2021-05-18 13:37:49][Jra8my8cH2V4hiscIfnAiycmcbdLgHU4] Processing: App\Events\ScrappedMessageEvent
